C51 COMPILER V9.56.0.0   PAOMADENG                                                         08/08/2019 10:43:28 PAGE 1   


C51 COMPILER V9.56.0.0, COMPILATION OF MODULE PAOMADENG
OBJECT MODULE PLACED IN .\Objects\paomadeng.obj
COMPILER INVOKED BY: E:\Programs_Files\Keil   51\C51\BIN\C51.EXE paomadeng.c OPTIMIZE(8,SPEED) BROWSE DEBUG OBJECTEXTEND
                    - PRINT(.\Listings\paomadeng.lst) TABS(2) OBJECT(.\Objects\paomadeng.obj)

line level    source

   1          #include<reg51.h>
   2           
   3          void delay(int n)
   4          {
   5   1        int i = 0;
   6   1        int j = 0;
   7   1        for(i = n; i > 0; i--)
   8   1        {
   9   2          for(j = 110; j > 0; j--)
  10   2          {
  11   3            ;
  12   3          }
  13   2        }
  14   1      }
  15           
  16          int a[8] = {1, 2, 4, 8, 16, 32, 64, 128};
  17           
  18          void main() 
  19          {
  20   1        int i = 0;
  21   1        P1 = 1;
  22   1        while(1)
  23   1        {
  24   2          P1 = a[i++];
  25   2          delay(1000);
  26   2       
  27   2          if(i == 8)
  28   2          {
  29   3            i = 0;
  30   3          }
  31   2        }
  32   1      }


MODULE INFORMATION:   STATIC OVERLAYABLE
   CODE SIZE        =     81    ----
   CONSTANT SIZE    =   ----    ----
   XDATA SIZE       =   ----    ----
   PDATA SIZE       =   ----    ----
   DATA SIZE        =     16    ----
   IDATA SIZE       =   ----    ----
   BIT SIZE         =   ----    ----
END OF MODULE INFORMATION.


C51 COMPILATION COMPLETE.  0 WARNING(S),  0 ERROR(S)
