C51 COMPILER V9.56.0.0   LED                                                               08/10/2019 18:11:25 PAGE 1   


C51 COMPILER V9.56.0.0, COMPILATION OF MODULE LED
OBJECT MODULE PLACED IN .\Objects\led.obj
COMPILER INVOKED BY: C:\Keil_v5\C51\BIN\C51.EXE led.c OPTIMIZE(8,SPEED) BROWSE DEBUG OBJECTEXTEND PRINT(.\Listings\led.l
                    -st) TABS(2) OBJECT(.\Objects\led.obj)

line level    source

   1          #include<reg51.h>
   2          #define uchar unsigned char 
   3          #define uint unsigned int 
   4          unsigned char table[]={0xfe,0xfd,0xfb,0xf7,0xef,0xdf,0xbf,0x7f};
   5          void delay(void)
   6            {   
   7   1          uchar a,b;
   8   1          for(a=0;a<225;a++)
   9   1          for(b=0;b<225;b++);
  10   1        }
  11            void main()
  12              {
  13   1            uchar i;
  14   1            while(1)
  15   1              {
  16   2                for(i=0;i<8;i++)
  17   2                {
  18   3                  P1=table[i];
  19   3                  delay();
  20   3                }
  21   2              }
  22   1          }
  23          
  24          


MODULE INFORMATION:   STATIC OVERLAYABLE
   CODE SIZE        =     31    ----
   CONSTANT SIZE    =   ----    ----
   XDATA SIZE       =   ----    ----
   PDATA SIZE       =   ----    ----
   DATA SIZE        =      8    ----
   IDATA SIZE       =   ----    ----
   BIT SIZE         =   ----    ----
END OF MODULE INFORMATION.


C51 COMPILATION COMPLETE.  0 WARNING(S),  0 ERROR(S)
