C51 COMPILER V9.56.0.0   LED1                                                              08/10/2019 15:31:57 PAGE 1   


C51 COMPILER V9.56.0.0, COMPILATION OF MODULE LED1
OBJECT MODULE PLACED IN .\Objects\led1.obj
COMPILER INVOKED BY: C:\Keil_v5\C51\BIN\C51.EXE led1.c OPTIMIZE(8,SPEED) BROWSE DEBUG OBJECTEXTEND PRINT(.\Listings\led1
                    -.lst) TABS(2) OBJECT(.\Objects\led1.obj)

line level    source

   1          #include<reg51.h>
   2          sbit led=P1^0;
   3          void delay(int x);
   4          int main()
   5          {
   6   1        while(1)
   7   1        {
   8   2          led=0;
   9   2          delay(1000);
  10   2          led=1;
  11   2          delay(1000);
  12   2        }
  13   1        return 0;
  14   1      }
  15          void delay(int x)
  16          {
  17   1        int i,j;
  18   1        for(i=0;i<x;i++)
  19   1        for(j=0;j<120;j++);
  20   1      }
*** WARNING C294 IN LINE 13 OF led1.c: unreachable code


MODULE INFORMATION:   STATIC OVERLAYABLE
   CODE SIZE        =     58    ----
   CONSTANT SIZE    =   ----    ----
   XDATA SIZE       =   ----    ----
   PDATA SIZE       =   ----    ----
   DATA SIZE        =   ----    ----
   IDATA SIZE       =   ----    ----
   BIT SIZE         =   ----    ----
END OF MODULE INFORMATION.


C51 COMPILATION COMPLETE.  1 WARNING(S),  0 ERROR(S)
