C51 COMPILER V9.56.0.0   WATERFALL_LEDS                                                    08/10/2019 11:16:01 PAGE 1   


C51 COMPILER V9.56.0.0, COMPILATION OF MODULE WATERFALL_LEDS
OBJECT MODULE PLACED IN .\Objects\waterfall leds.obj
COMPILER INVOKED BY: D:\learn_software\Keil   51\C51\BIN\C51.EXE waterfall leds.c OPTIMIZE(8,SPEED) BROWSE DEBUG OBJECTE
                    -XTEND PRINT(.\Listings\waterfall leds.lst) TABS(2) OBJECT(.\Objects\waterfall leds.obj)

line level    source

   1          #include <reg51.h>
   2          #include <intrins.h>
   3          sbit led1=P1^0;
   4          void main()
   5          {
   6   1      void delay();
   7   1      while(1)
   8   1        {int a=0x01;
   9   2      P1=a;
  10   2      a=_cror_(a,1);
  11   2      delay();
  12   2        }
  13   1      }
  14          void delay()
  15          {unsigned int a;
  16   1        for(a=1;a<450;a++);
  17   1      }


MODULE INFORMATION:   STATIC OVERLAYABLE
   CODE SIZE        =     45    ----
   CONSTANT SIZE    =   ----    ----
   XDATA SIZE       =   ----    ----
   PDATA SIZE       =   ----    ----
   DATA SIZE        =   ----       2
   IDATA SIZE       =   ----    ----
   BIT SIZE         =   ----    ----
END OF MODULE INFORMATION.


C51 COMPILATION COMPLETE.  0 WARNING(S),  0 ERROR(S)
