C51 COMPILER V9.56.0.0   ______                                                            08/10/2019 20:05:40 PAGE 1   


C51 COMPILER V9.56.0.0, COMPILATION OF MODULE ______
OBJECT MODULE PLACED IN ..\Output\走马灯.obj
COMPILER INVOKED BY: E:\Program_Files\Keil956\C51\BIN\C51.EXE ..\User\走马灯.C OPTIMIZE(8,SPEED) BROWSE INCDIR(..\User) 
                    -DEBUG OBJECTEXTEND PRINT(..\Listing\走马灯.lst) TABS(2) OBJECT(..\Output\走马灯.obj)

line level    source

   1          #include "reg51.h"
   2          sbit L0=P0^0;
   3          sbit L1=P0^1;
   4          sbit L2=P0^2;
   5          sbit L3=P0^3;
   6          sbit L4=P0^4;
   7          sbit L5=P0^5;
   8          sbit L6=P0^6;
   9          sbit L7=P0^7;
  10          void delay(void)
  11          {  int i;
  12   1        for(i=30000;i>0;i--);
  13   1      }
  14          void main()
  15          {  L0=0;
  16   1         delay();
  17   1         L0=1;
  18   1         delay();
  19   1         L1=0;
  20   1         delay();
  21   1         L1=1;
  22   1         delay();
  23   1         L2=0;
  24   1         delay();
  25   1         L2=1;
  26   1         delay();
  27   1         L3=0;
  28   1         delay();
  29   1         L3=1;
  30   1         delay();
  31   1         L4=0;
  32   1         delay();
  33   1         L4=1;
  34   1         delay();
  35   1         L5=0;
  36   1         delay();
  37   1         L5=1;
  38   1         delay();
  39   1         L6=0;
  40   1         delay();
  41   1         L6=1;
  42   1         delay();
  43   1         L7=0;
  44   1         delay();
  45   1         L7=1;
  46   1         delay();
  47   1         }


MODULE INFORMATION:   STATIC OVERLAYABLE
   CODE SIZE        =     94    ----
   CONSTANT SIZE    =   ----    ----
   XDATA SIZE       =   ----    ----
   PDATA SIZE       =   ----    ----
C51 COMPILER V9.56.0.0   ______                                                            08/10/2019 20:05:40 PAGE 2   

   DATA SIZE        =   ----    ----
   IDATA SIZE       =   ----    ----
   BIT SIZE         =   ----    ----
END OF MODULE INFORMATION.


C51 COMPILATION COMPLETE.  0 WARNING(S),  0 ERROR(S)
