C51 COMPILER V9.56.0.0   MAIN                                                              12/30/2017 16:54:55 PAGE 1   


C51 COMPILER V9.56.0.0, COMPILATION OF MODULE MAIN
OBJECT MODULE PLACED IN ..\Output\main.obj
COMPILER INVOKED BY: D:\Program Files\AT89C51\C51\BIN\C51.EXE ..\User\main.c OPTIMIZE(8,SPEED) BROWSE INCDIR(..\User) DE
                    -BUG OBJECTEXTEND PRINT(..\Listing\main.lst) TABS(8) OBJECT(..\Output\main.obj)

line level    source

   1          #include <reg52.h>
   2          
   3          void Delay(u8 ms)
   4          {
   5   1              u8 temp;
   6   1              
   7   1              for( ; ms > 0; ms--)
   8   1              {
   9   2                      for(temp = 200; temp > 0; temp--);
  10   2              }
  11   1      }
  12          
  13          void main()
  14          {
  15   1              
  16   1              while(1)
  17   1              {
  18   2                      P1=0xff;
  19   2                      Delay(100);
  20   2                      P1=0x00;
  21   2                      Delay(100);
  22   2              }
  23   1      
  24   1      }


MODULE INFORMATION:   STATIC OVERLAYABLE
   CODE SIZE        =     32    ----
   CONSTANT SIZE    =   ----    ----
   XDATA SIZE       =   ----    ----
   PDATA SIZE       =   ----    ----
   DATA SIZE        =   ----    ----
   IDATA SIZE       =   ----    ----
   BIT SIZE         =   ----    ----
END OF MODULE INFORMATION.


C51 COMPILATION COMPLETE.  0 WARNING(S),  0 ERROR(S)
