C51 COMPILER V9.56.0.0   _1LED                                                             08/18/2019 21:54:41 PAGE 1   


C51 COMPILER V9.56.0.0, COMPILATION OF MODULE _1LED
OBJECT MODULE PLACED IN ..\Output\_1led.obj
COMPILER INVOKED BY: D:\A-work\Program_Files\C51\BIN\C51.EXE ..\User\_1led.c OPTIMIZE(8,SPEED) BROWSE INCDIR(..\User) DE
                    -BUG OBJECTEXTEND PRINT(..\Listening\_1led.lst) TABS(2) OBJECT(..\Output\_1led.obj)

line level    source

   1          #include<reg51.h>     //反应时间巨慢
   2          
   3          #define key P2
   4          sbit led0=P0^0;
   5          sbit led1=P0^1;
   6          sbit led2=P0^2;
   7          sbit led3=P0^3;
   8          sbit led4=P0^4;
   9          sbit led5=P0^5;
  10          sbit led6=P0^6;
  11          sbit led7=P0^7;
  12          void delay(int l)       
  13          {
  14   1        int k,j;
  15   1        for(j=l;j>0;j--)
  16   1        for(k=1000;k>0;k--);
  17   1      }
  18          
  19          int main()
  20          {
  21   1        int i=0;
  22   1        P0=0xff;
  23   1        P2=0xff;
  24   1        while(1)
  25   1        {
  26   2          if(P2!=0xff)
  27   2          {
  28   3            delay(1);
  29   3            if(P2!=0xff)
  30   3            {
  31   4               switch(P2)
  32   4               {
  33   5                 case(0xfe):led0=~led0;break;
  34   5                 case(0xfd):led1=~led1;break;
  35   5                 case(0xfb):led2=~led2;break;
  36   5                 case(0xf7):led3=~led3;break;
  37   5                 case(0xef):led4=~led4;break;
  38   5                 case(0xdf):led5=~led5;break;
  39   5                 case(0xbf):led6=~led6;break;
  40   5                 case(0x7f):led7=~led7;break;
  41   5               }
  42   4               while(i<=20&&P2!=0xff)
  43   4               {
  44   5                 delay(1);
  45   5                 i++;
  46   5               }
  47   4            }
  48   3          }
  49   2        }
  50   1      }


MODULE INFORMATION:   STATIC OVERLAYABLE
   CODE SIZE        =    152    ----
C51 COMPILER V9.56.0.0   _1LED                                                             08/18/2019 21:54:41 PAGE 2   

   CONSTANT SIZE    =   ----    ----
   XDATA SIZE       =   ----    ----
   PDATA SIZE       =   ----    ----
   DATA SIZE        =   ----    ----
   IDATA SIZE       =   ----    ----
   BIT SIZE         =   ----    ----
END OF MODULE INFORMATION.


C51 COMPILATION COMPLETE.  0 WARNING(S),  0 ERROR(S)
