C51 COMPILER V9.56.0.0   WATERFALL_LED                                                     08/10/2019 17:37:51 PAGE 1   


C51 COMPILER V9.56.0.0, COMPILATION OF MODULE WATERFALL_LED
OBJECT MODULE PLACED IN .\Objects\waterfall led.obj
COMPILER INVOKED BY: D:\learn_software\Keil   51\C51\BIN\C51.EXE waterfall led.c OPTIMIZE(8,SPEED) BROWSE DEBUG OBJECTEX
                    -TEND PRINT(.\Listings\waterfall led.lst) TABS(2) OBJECT(.\Objects\waterfall led.obj)

line level    source

   1          #include <reg51.h>
   2          #include <intrins.h>
   3          sbit led1=P1^0;
   4          void main()
   5          {
   6   1        void delay();
   7   1        unsigned int a=0x01;
   8   1        while(1)
   9   1        {
  10   2        P1=a;
  11   2        delay();
  12   2        a=_crol_(a,1);
  13   2        delay();
  14   2      }
  15   1        }
  16          void delay()
  17          {unsigned int j;
  18   1        for(j=1;j<4500;j++);
  19   1      }


MODULE INFORMATION:   STATIC OVERLAYABLE
   CODE SIZE        =     49    ----
   CONSTANT SIZE    =   ----    ----
   XDATA SIZE       =   ----    ----
   PDATA SIZE       =   ----    ----
   DATA SIZE        =   ----       2
   IDATA SIZE       =   ----    ----
   BIT SIZE         =   ----    ----
END OF MODULE INFORMATION.


C51 COMPILATION COMPLETE.  0 WARNING(S),  0 ERROR(S)
