C51 COMPILER V9.56.0.0   _8LED                                                             08/09/2019 17:02:46 PAGE 1   


C51 COMPILER V9.56.0.0, COMPILATION OF MODULE _8LED
OBJECT MODULE PLACED IN ..\Output\_8led.obj
COMPILER INVOKED BY: D:\A-work\Program_Files\C51\BIN\C51.EXE ..\User\_8led.c OPTIMIZE(8,SPEED) BROWSE INCDIR(..\User) DE
                    -BUG OBJECTEXTEND PRINT(..\Listening\_8led.lst) TABS(2) OBJECT(..\Output\_8led.obj)

line level    source

   1          #include<reg52.h> 
   2          void delay(unsigned int cnt) 
   3          {
   4   1          while(--cnt);
   5   1      }
   6          
   7          int main()
   8          {
   9   1          bit flag = 0;                  
  10   1      
  11   1          P0=0x7f;                       
  12   1          while(1)                    
  13   1          {  
  14   2              if (flag == 0)           
  15   2              {
  16   3                  delay(30000);       
  17   3                  P0 = P0 >> 1;          
  18   3                  P0 |= 0x80;            
  19   3          
  20   3                  if(P0==0xfe)        
  21   3                  { 
  22   4                      flag = 1;       
  23   4                  }
  24   3              
  25   3              }
  26   2              else
  27   2              {
  28   3                  delay(30000);       
  29   3                  P0 = P0 << 1;          
  30   3                  P0 |= 0x01;           
  31   3          
  32   3                  if(P0==0x7f)        
  33   3                  { 
  34   4                      flag = 0;
  35   4                  }
  36   3              }
  37   2          }
  38   1      }


MODULE INFORMATION:   STATIC OVERLAYABLE
   CODE SIZE        =     68    ----
   CONSTANT SIZE    =   ----    ----
   XDATA SIZE       =   ----    ----
   PDATA SIZE       =   ----    ----
   DATA SIZE        =   ----    ----
   IDATA SIZE       =   ----    ----
   BIT SIZE         =   ----       1
END OF MODULE INFORMATION.


C51 COMPILATION COMPLETE.  0 WARNING(S),  0 ERROR(S)
