C51 COMPILER V9.56.0.0   LED                                                               08/10/2019 18:32:23 PAGE 1   


C51 COMPILER V9.56.0.0, COMPILATION OF MODULE LED
OBJECT MODULE PLACED IN .\Objects\led.obj
COMPILER INVOKED BY: E:\C51\BIN\C51.EXE led.c OPTIMIZE(8,SPEED) BROWSE DEBUG OBJECTEXTEND PRINT(.\Listings\led.lst) TABS
                    -(2) OBJECT(.\Objects\led.obj)

line level    source

   1          #include <reg51.h>
   2          sbit led1=P1^0;
   3          sbit led2=P1^1;
   4          sbit led3=P1^2;
   5          sbit led4=P1^3;
   6          sbit led5=P1^4;
   7          sbit led6=P1^5;
   8          sbit led7=P1^6;
   9          sbit led8=P1^7;
  10          void delay(int z)
  11          {
  12   1      unsigned int x;
  13   1      for(x=z;x>0;x--){;}
  14   1      }
  15          int main()
  16          {
  17   1      while (1)
  18   1      {led1=0;
  19   2      delay(200) ;
  20   2      led1=1;
  21   2      led2=0;
  22   2      delay(200) ;
  23   2      led2=1;
  24   2      led3=0;
  25   2      delay(200) ;
  26   2      led3=1;
  27   2      led4=0;
  28   2      delay(200) ;
  29   2      led4=1;
  30   2      led5=0;
  31   2      delay(200) ;
  32   2      led5=1;
  33   2      led6=0;
  34   2      delay(200) ;
  35   2      led6=1;
  36   2      led7=0;
  37   2      delay(200) ;
  38   2      led7=1;
  39   2      led8=0;
  40   2      delay(200) ;
  41   2      led8=1;
  42   2      }
  43   1      return 0;}
*** WARNING C294 IN LINE 43 OF led.c: unreachable code


MODULE INFORMATION:   STATIC OVERLAYABLE
   CODE SIZE        =     79    ----
   CONSTANT SIZE    =   ----    ----
   XDATA SIZE       =   ----    ----
   PDATA SIZE       =   ----    ----
   DATA SIZE        =   ----    ----
   IDATA SIZE       =   ----    ----
   BIT SIZE         =   ----    ----
C51 COMPILER V9.56.0.0   LED                                                               08/10/2019 18:32:23 PAGE 2   

END OF MODULE INFORMATION.


C51 COMPILATION COMPLETE.  1 WARNING(S),  0 ERROR(S)
