C51 COMPILER V9.56.0.0   LED_WATER                                                         08/10/2019 19:20:27 PAGE 1   


C51 COMPILER V9.56.0.0, COMPILATION OF MODULE LED_WATER
OBJECT MODULE PLACED IN .\Objects\led water.obj
COMPILER INVOKED BY: D:\dan\C51\BIN\C51.EXE led water.c OPTIMIZE(8,SPEED) BROWSE DEBUG OBJECTEXTEND PRINT(.\Listings\led
                    - water.lst) TABS(2) OBJECT(.\Objects\led water.obj)

line level    source

   1          #include <reg51.h>
   2          
   3          void delay(unsigned int);
   4          int main()
   5          {
   6   1        unsigned char a[8]={0x01,0x02,0x04,0x08,0x10,0x20,0x40,0x80};
   7   1        int i;
   8   1        while(1)
   9   1        {for(i=0;i<8;i++)
  10   2          {P1=a[i];
  11   3          delay(100);
  12   3          }
  13   2        
  14   2        }
  15   1        
  16   1          
  17   1        return 0;
  18   1      }
  19          
  20          void delay(unsigned int t)
  21          {register unsigned int bt;
  22   1        for(; t ;t--)
  23   1        for(bt=0;bt<255;bt++);
  24   1      
  25   1      }
*** WARNING C294 IN LINE 17 OF led water.c: unreachable code


MODULE INFORMATION:   STATIC OVERLAYABLE
   CODE SIZE        =     85    ----
   CONSTANT SIZE    =      8    ----
   XDATA SIZE       =   ----    ----
   PDATA SIZE       =   ----    ----
   DATA SIZE        =   ----      10
   IDATA SIZE       =   ----    ----
   BIT SIZE         =   ----    ----
END OF MODULE INFORMATION.


C51 COMPILATION COMPLETE.  1 WARNING(S),  0 ERROR(S)
