C51 COMPILER V9.56.0.0   LED________                                                       08/10/2019 19:55:36 PAGE 1   


C51 COMPILER V9.56.0.0, COMPILATION OF MODULE LED________
OBJECT MODULE PLACED IN ..\Output\LEDµÆµÄÉÁË¸.obj
COMPILER INVOKED BY: E:\Program_Files\Keil956\C51\BIN\C51.EXE ..\User\LEDµÆµÄÉÁË¸.c OPTIMIZE(8,SPEED) BROWSE INCDIR(../U
                    -ser) DEBUG OBJECTEXTEND PRINT(..\Listing\LEDµÆµÄÉÁË¸.lst) TABS(2) OBJECT(..\Output\LEDµÆµÄÉÁË¸.obj)

line level    source

   1          #include "reg51.h"
   2          sbit led =P2^1;
   3          int main()
   4          { int i;
   5   1          while(1)
   6   1      { 
   7   2        led=0;
   8   2        for(i=1000;i>0;i--);
   9   2        led=1;
  10   2        for(i=1000;i>0;i--);
  11   2        }
  12   1      }


MODULE INFORMATION:   STATIC OVERLAYABLE
   CODE SIZE        =     39    ----
   CONSTANT SIZE    =   ----    ----
   XDATA SIZE       =   ----    ----
   PDATA SIZE       =   ----    ----
   DATA SIZE        =   ----    ----
   IDATA SIZE       =   ----    ----
   BIT SIZE         =   ----    ----
END OF MODULE INFORMATION.


C51 COMPILATION COMPLETE.  0 WARNING(S),  0 ERROR(S)
