C51 COMPILER V9.56.0.0   SHANSHUO                                                          08/08/2019 10:50:30 PAGE 1   


C51 COMPILER V9.56.0.0, COMPILATION OF MODULE SHANSHUO
OBJECT MODULE PLACED IN .\Objects\shanshuo.obj
COMPILER INVOKED BY: E:\Programs_Files\Keil   51\C51\BIN\C51.EXE shanshuo.c OPTIMIZE(8,SPEED) BROWSE DEBUG OBJECTEXTEND 
                    -PRINT(.\Listings\shanshuo.lst) TABS(2) OBJECT(.\Objects\shanshuo.obj)

line level    source

   1          #include <reg51.h>
   2          typedef unsigned char u8;
   3          typedef unsigned int u16;
   4          sbit led =P1^0;
   5          void delay(u16 i){
   6   1          while(i--);
   7   1      }
   8          void main(){
   9   1          while(1){
  10   2              led=0;
  11   2              delay(50000);
  12   2              led=1;
  13   2              delay(50000);
  14   2          }
  15   1      }


MODULE INFORMATION:   STATIC OVERLAYABLE
   CODE SIZE        =     31    ----
   CONSTANT SIZE    =   ----    ----
   XDATA SIZE       =   ----    ----
   PDATA SIZE       =   ----    ----
   DATA SIZE        =   ----    ----
   IDATA SIZE       =   ----    ----
   BIT SIZE         =   ----    ----
END OF MODULE INFORMATION.


C51 COMPILATION COMPLETE.  0 WARNING(S),  0 ERROR(S)
