C51 COMPILER V9.56.0.0   _1LED                                                             08/15/2019 17:09:28 PAGE 1   


C51 COMPILER V9.56.0.0, COMPILATION OF MODULE _1LED
OBJECT MODULE PLACED IN ..\Output\_1led.obj
COMPILER INVOKED BY: D:\A-work\Program_Files\C51\BIN\C51.EXE ..\User\_1led.c OPTIMIZE(8,SPEED) BROWSE INCDIR(..\User) DE
                    -BUG OBJECTEXTEND PRINT(..\Listening\_1led.lst) TABS(2) OBJECT(..\Output\_1led.obj)

line level    source

   1          #include "reg51.h"
   2          
   3          #define led P0
   4          int lastled=0xfe;
   5          int flicker=0;
   6          
   7          void delay(int t)
   8          {
   9   1       int i, j;
  10   1       for(i = t; i > 0; i--)
  11   1       for(j = 1000; j > 0; j--);
  12   1      }
  13          
  14          void keycontrol()
  15          {
  16   1        if(P2!=0xff)
  17   1        {
  18   2          delay(1);
  19   2          if(P2!=0xff)
  20   2          {
  21   3            switch(P2)
  22   3            {
  23   4              case(0xfe):
  24   4                if(lastled!=0xfe)
  25   4                {
  26   5                  lastled=~(~(lastled)>>1);
  27   5                }
  28   4                break;
  29   4              case(0xfb):
  30   4                if(lastled!=0x7f)
  31   4                {
  32   5                  lastled=~(~(lastled)<<1);
  33   5                }
  34   4                break;
  35   4              case(0xfd):
  36   4                    flicker=~flicker;
  37   4                    break;  
  38   4            }
  39   3          }
  40   2        }
  41   1      }
  42          
  43          int main()
  44          {
  45   1        P2=0xff;
  46   1        while(1)
  47   1        {
  48   2          led=lastled;
  49   2          keycontrol();
  50   2          delay(50);
  51   2          if(flicker!=0)
  52   2          {
  53   3            led=0xff;
  54   3            delay(50);
C51 COMPILER V9.56.0.0   _1LED                                                             08/15/2019 17:09:28 PAGE 2   

  55   3          }
  56   2        }
  57   1      }


MODULE INFORMATION:   STATIC OVERLAYABLE
   CODE SIZE        =    159    ----
   CONSTANT SIZE    =   ----    ----
   XDATA SIZE       =   ----    ----
   PDATA SIZE       =   ----    ----
   DATA SIZE        =      4    ----
   IDATA SIZE       =   ----    ----
   BIT SIZE         =   ----    ----
END OF MODULE INFORMATION.


C51 COMPILATION COMPLETE.  0 WARNING(S),  0 ERROR(S)
