C51 COMPILER V9.56.0.0   LED                                                               08/10/2019 13:58:25 PAGE 1   


C51 COMPILER V9.56.0.0, COMPILATION OF MODULE LED
OBJECT MODULE PLACED IN .\Objects\led.obj
COMPILER INVOKED BY: D:\dan\C51\BIN\C51.EXE led.c OPTIMIZE(8,SPEED) BROWSE DEBUG OBJECTEXTEND PRINT(.\Listings\led.lst) 
                    -TABS(2) OBJECT(.\Objects\led.obj)

line level    source

   1          #include <reg51.h>
   2          
   3          sbit led=P1^0;
   4          int main ()
   5          {
   6   1        
   7   1        while(1)
   8   1        {
   9   2        if (led=1)led=0;
*** WARNING C276 IN LINE 9 OF led.c: constant in condition expression
  10   2          else led=1;
  11   2        }
  12   1        
  13   1        
  14   1      return 0;
  15   1      }
*** WARNING C294 IN LINE 10 OF led.c: unreachable code
*** WARNING C294 IN LINE 14 OF led.c: unreachable code


MODULE INFORMATION:   STATIC OVERLAYABLE
   CODE SIZE        =      7    ----
   CONSTANT SIZE    =   ----    ----
   XDATA SIZE       =   ----    ----
   PDATA SIZE       =   ----    ----
   DATA SIZE        =   ----    ----
   IDATA SIZE       =   ----    ----
   BIT SIZE         =   ----    ----
END OF MODULE INFORMATION.


C51 COMPILATION COMPLETE.  3 WARNING(S),  0 ERROR(S)
