C51 COMPILER V9.56.0.0   _1LED                                                             08/09/2019 21:19:34 PAGE 1   


C51 COMPILER V9.56.0.0, COMPILATION OF MODULE _1LED
OBJECT MODULE PLACED IN ..\Output\_1led.obj
COMPILER INVOKED BY: D:\A-work\Program_Files\C51\BIN\C51.EXE ..\User\_1led.c OPTIMIZE(8,SPEED) BROWSE INCDIR(..\User) DE
                    -BUG OBJECTEXTEND PRINT(..\Listening\_1led.lst) TABS(2) OBJECT(..\Output\_1led.obj)

line level    source

   1          #include<reg51.h>
   2          
   3          sbit led = P1^0;
   4          int main()  
   5          {
   6   1        int i;
   7   1            while(1)
   8   1          {
   9   2              led = 0;
  10   2              for(i=1000;i>0;i--);
  11   2              led = 1;
  12   2              for(i=1000;i>0;i--);
  13   2          }
  14   1          
  15   1      }


MODULE INFORMATION:   STATIC OVERLAYABLE
   CODE SIZE        =     39    ----
   CONSTANT SIZE    =   ----    ----
   XDATA SIZE       =   ----    ----
   PDATA SIZE       =   ----    ----
   DATA SIZE        =   ----    ----
   IDATA SIZE       =   ----    ----
   BIT SIZE         =   ----    ----
END OF MODULE INFORMATION.


C51 COMPILATION COMPLETE.  0 WARNING(S),  0 ERROR(S)
