C51 COMPILER V9.56.0.0   BSP_DELAY                                                         03/23/2017 21:47:56 PAGE 1   


C51 COMPILER V9.56.0.0, COMPILATION OF MODULE BSP_DELAY
OBJECT MODULE PLACED IN ..\Output\bsp_delay.obj
COMPILER INVOKED BY: D:\Program files\AT89C51\C51\BIN\C51.EXE ..\User\bsp_delay.c OPTIMIZE(8,SPEED) BROWSE INCDIR(..\Use
                    -r) DEBUG OBJECTEXTEND PRINT(..\Listing\bsp_delay.lst) TABS(6) OBJECT(..\Output\bsp_delay.obj)

line level    source

   1          #include "bsp_delay.h" 
   2          
   3          void delay_ms(u8 ms)
   4          {
   5   1            u32 temp;
   6   1            
   7   1            for( ; ms > 0; ms--)
   8   1            {
   9   2                  for(temp = 100; temp > 0; temp--);
  10   2            }
  11   1      }


MODULE INFORMATION:   STATIC OVERLAYABLE
   CODE SIZE        =     23    ----
   CONSTANT SIZE    =   ----    ----
   XDATA SIZE       =   ----    ----
   PDATA SIZE       =   ----    ----
   DATA SIZE        =   ----    ----
   IDATA SIZE       =   ----    ----
   BIT SIZE         =   ----    ----
END OF MODULE INFORMATION.


C51 COMPILATION COMPLETE.  0 WARNING(S),  0 ERROR(S)
