C51 COMPILER V9.56.0.0   1                                                                 08/09/2019 10:02:00 PAGE 1   


C51 COMPILER V9.56.0.0, COMPILATION OF MODULE 1
OBJECT MODULE PLACED IN .\Objects\1.obj
COMPILER INVOKED BY: D:\kijy\keil51\C51\BIN\C51.EXE 1.c OPTIMIZE(8,SPEED) BROWSE DEBUG OBJECTEXTEND PRINT(.\Listings\1.l
                    -st) TABS(2) OBJECT(.\Objects\1.obj)

line level    source

   1          #include <reg51.h>
   2          sbit led=P1^0;
   3          void b(int x)
   4          {
   5   1        unsigned int y;
   6   1        for(y=0;y<x;y++);
   7   1      }
   8          int main()
   9          {
  10   1        while(1)
  11   1        {
  12   2          led=0;
  13   2          b(10000);
  14   2          led=1;
  15   2          b(10000);
  16   2        }
  17   1        return 0;
  18   1      }
*** WARNING C294 IN LINE 17 OF 1.c: unreachable code


MODULE INFORMATION:   STATIC OVERLAYABLE
   CODE SIZE        =     34    ----
   CONSTANT SIZE    =   ----    ----
   XDATA SIZE       =   ----    ----
   PDATA SIZE       =   ----    ----
   DATA SIZE        =   ----    ----
   IDATA SIZE       =   ----    ----
   BIT SIZE         =   ----    ----
END OF MODULE INFORMATION.


C51 COMPILATION COMPLETE.  1 WARNING(S),  0 ERROR(S)
