C51 COMPILER V9.56.0.0   LED                                                               08/10/2019 15:20:09 PAGE 1   


C51 COMPILER V9.56.0.0, COMPILATION OF MODULE LED
OBJECT MODULE PLACED IN .\Objects\led.obj
COMPILER INVOKED BY: D:\keil\C51\BIN\C51.EXE led.c OPTIMIZE(8,SPEED) BROWSE DEBUG OBJECTEXTEND PRINT(.\Listings\led.lst)
                    - TABS(2) OBJECT(.\Objects\led.obj)

line level    source

   1          #include<reg51.h>
   2          sbit led=P1^0;
   3          void delay();
   4          void main()
   5          {
   6   1        while(1)
   7   1        {
   8   2          led=0;
   9   2          delay();
  10   2          led=1;
  11   2          delay();
  12   2        }
  13   1      }
  14          void delay()
  15          {
  16   1        unsigned char i;
  17   1        for(i=200;i>0;i--);
  18   1      }


MODULE INFORMATION:   STATIC OVERLAYABLE
   CODE SIZE        =     17    ----
   CONSTANT SIZE    =   ----    ----
   XDATA SIZE       =   ----    ----
   PDATA SIZE       =   ----    ----
   DATA SIZE        =   ----    ----
   IDATA SIZE       =   ----    ----
   BIT SIZE         =   ----    ----
END OF MODULE INFORMATION.


C51 COMPILATION COMPLETE.  0 WARNING(S),  0 ERROR(S)
