C51 COMPILER V9.56.0.0   LED                                                               08/09/2019 12:02:58 PAGE 1   


C51 COMPILER V9.56.0.0, COMPILATION OF MODULE LED
OBJECT MODULE PLACED IN .\Objects\led.obj
COMPILER INVOKED BY: D:\learn_software\Keil   51\C51\BIN\C51.EXE led.c OPTIMIZE(8,SPEED) BROWSE DEBUG OBJECTEXTEND PRINT
                    -(.\Listings\led.lst) TABS(2) OBJECT(.\Objects\led.obj)

line level    source

   1          #include<reg51.h>
   2          sbit led=P1^0;
   3          
   4          int main()
   5          {int i;
   6   1        void delay();
   7   1      while(1) 
   8   1        {
   9   2          led=1;
  10   2          delay();
  11   2          led=0;
  12   2          delay();
  13   2        }
  14   1      return 0 ;
  15   1      }
*** WARNING C280 IN LINE 5 OF led.c: 'i': unreferenced local variable
  16          void delay()
  17            {
  18   1         int i;
  19   1          for(i=1;i<4600;i++);
  20   1        }
*** WARNING C294 IN LINE 14 OF led.c: unreachable code


MODULE INFORMATION:   STATIC OVERLAYABLE
   CODE SIZE        =     28    ----
   CONSTANT SIZE    =   ----    ----
   XDATA SIZE       =   ----    ----
   PDATA SIZE       =   ----    ----
   DATA SIZE        =   ----       2
   IDATA SIZE       =   ----    ----
   BIT SIZE         =   ----    ----
END OF MODULE INFORMATION.


C51 COMPILATION COMPLETE.  2 WARNING(S),  0 ERROR(S)
