C51 COMPILER V9.56.0.0   EIGHT_LED                                                         08/09/2019 13:48:51 PAGE 1   


C51 COMPILER V9.56.0.0, COMPILATION OF MODULE EIGHT_LED
OBJECT MODULE PLACED IN .\Objects\eight led.obj
COMPILER INVOKED BY: D:\learn_software\Keil   51\C51\BIN\C51.EXE eight led.c OPTIMIZE(8,SPEED) BROWSE DEBUG OBJECTEXTEND
                    - PRINT(.\Listings\eight led.lst) TABS(2) OBJECT(.\Objects\eight led.obj)

line level    source

   1          #include <reg51.h>
   2          #include <intrins.h>
   3          sbit led=P1^0;
   4          void main()
   5          {int a=0x01;
   6   1        long b;
   7   1      void delay();
   8   1      while(1)
   9   1      {
  10   2      P1=a;
  11   2      a=_cror_(a,1);
  12   2      delay();
  13   2      }
  14   1      }
*** WARNING C280 IN LINE 6 OF eight led.c: 'b': unreferenced local variable
  15          void delay()
  16          {
  17   1      unsigned int i;
  18   1        for(i=1;i<300;i++);
  19   1      }


MODULE INFORMATION:   STATIC OVERLAYABLE
   CODE SIZE        =     45    ----
   CONSTANT SIZE    =   ----    ----
   XDATA SIZE       =   ----    ----
   PDATA SIZE       =   ----    ----
   DATA SIZE        =   ----       6
   IDATA SIZE       =   ----    ----
   BIT SIZE         =   ----    ----
END OF MODULE INFORMATION.


C51 COMPILATION COMPLETE.  1 WARNING(S),  0 ERROR(S)
