C51 COMPILER V9.56.0.0   LED1                                                              08/10/2019 17:55:29 PAGE 1   


C51 COMPILER V9.56.0.0, COMPILATION OF MODULE LED1
OBJECT MODULE PLACED IN .\Objects\led1.obj
COMPILER INVOKED BY: E:\C51\BIN\C51.EXE led1.c OPTIMIZE(8,SPEED) BROWSE DEBUG OBJECTEXTEND PRINT(.\Listings\led1.lst) TA
                    -BS(2) OBJECT(.\Objects\led1.obj)

line level    source

   1          #include<reg51.h>
   2          sbit led=P1^0;
   3          unsigned int i;
   4            
   5          int main()
   6          {while(1)
   7   1        {led=1;for(i=0;i<30000;i++){};
   8   2      led=0;for(i=0;i<30000;i++){};
   9   2        }
  10   1      }


MODULE INFORMATION:   STATIC OVERLAYABLE
   CODE SIZE        =     51    ----
   CONSTANT SIZE    =   ----    ----
   XDATA SIZE       =   ----    ----
   PDATA SIZE       =   ----    ----
   DATA SIZE        =      2    ----
   IDATA SIZE       =   ----    ----
   BIT SIZE         =   ----    ----
END OF MODULE INFORMATION.


C51 COMPILATION COMPLETE.  0 WARNING(S),  0 ERROR(S)
