C51 COMPILER V9.56.0.0   MAIN                                                              08/09/2019 09:50:30 PAGE 1   


C51 COMPILER V9.56.0.0, COMPILATION OF MODULE MAIN
OBJECT MODULE PLACED IN .\Objects\main.obj
COMPILER INVOKED BY: D:\kijy\keil51\C51\BIN\C51.EXE main.c OPTIMIZE(8,SPEED) BROWSE DEBUG OBJECTEXTEND PRINT(.\Listings\
                    -main.lst) TABS(2) OBJECT(.\Objects\main.obj)

line level    source

   1          #include <reg51.h>
   2          
   3          sbit led1=P1^0;
   4          sbit led2=P1^1;
   5          sbit led3=P1^2;
   6          sbit led4=P1^3;
   7          sbit led5=P1^4;
   8          sbit led6=P1^5;
   9          sbit led7=P1^6;
  10          sbit led8=P1^7;
  11          void delay(int z)
  12          {
  13   1        unsigned int x,y;
  14   1      for(x=z;x>0;x--)
  15   1        y++;
  16   1      }
  17          int main()
  18          {
  19   1      while(1)
  20   1      {
  21   2        led1=0;
  22   2        delay(200);
  23   2        led1=1;
  24   2        led2=0;
  25   2        delay(200);
  26   2        led2=1;
  27   2        led3=0;
  28   2        delay(200);
  29   2        led3=1;
  30   2        led4=0;
  31   2        delay(200);
  32   2        led4=1;
  33   2        led5=0;
  34   2        delay(200);
  35   2        led5=1;
  36   2        led6=0;
  37   2        delay(200);
  38   2        led6=1;
  39   2        led7=0;
  40   2        delay(200);
  41   2        led7=1;
  42   2        led8=0;
  43   2        delay(200);
  44   2        led8=1;
  45   2      }
  46   1      return 0;
  47   1      }
*** WARNING C294 IN LINE 46 OF main.c: unreachable code


MODULE INFORMATION:   STATIC OVERLAYABLE
   CODE SIZE        =     87    ----
   CONSTANT SIZE    =   ----    ----
   XDATA SIZE       =   ----    ----
C51 COMPILER V9.56.0.0   MAIN                                                              08/09/2019 09:50:30 PAGE 2   

   PDATA SIZE       =   ----    ----
   DATA SIZE        =   ----       2
   IDATA SIZE       =   ----    ----
   BIT SIZE         =   ----    ----
END OF MODULE INFORMATION.


C51 COMPILATION COMPLETE.  1 WARNING(S),  0 ERROR(S)
